Temp/gradleOut/unityLibrary/build/intermediates/manifest_merge_blame_file/release/manifest-merger-blame-release-report.txt
1<?xml version="1.0" encoding="utf-8"?>
2<!-- GENERATED BY UNITY. REMOVE THIS COMMENT TO PREVENT OVERWRITING WHEN EXPORTING AGAIN -->
3<manifest xmlns:android="http://schemas.android.com/apk/res/android"
4    xmlns:tools="http://schemas.android.com/tools"
5    package="com.unity3d.player"
6    android:versionCode="1"
7    android:versionName="0.1" >
8
9    <uses-sdk
10        android:minSdkVersion="24"
10-->src\main\AndroidManifest.xml
11        android:targetSdkVersion="29" />
11-->src\main\AndroidManifest.xml
12
13    <uses-feature android:glEsVersion="0x00030000" />
13-->src\main\AndroidManifest.xml:20:3-52
13-->src\main\AndroidManifest.xml:20:17-49
14
15    <uses-permission android:name="android.permission.CAMERA" />
15-->src\main\AndroidManifest.xml:21:3-63
15-->src\main\AndroidManifest.xml:21:20-60
16    <uses-permission android:name="android.permission.INTERNET" />
16-->src\main\AndroidManifest.xml:22:3-65
16-->src\main\AndroidManifest.xml:22:20-62
17    <uses-permission android:name="android.permission.CHANGE_WIFI_MULTICAST_STATE" />
17-->src\main\AndroidManifest.xml:23:3-84
17-->src\main\AndroidManifest.xml:23:20-81
18
19    <uses-feature
19-->src\main\AndroidManifest.xml:24:3-88
20        android:name="android.hardware.touchscreen"
20-->src\main\AndroidManifest.xml:24:17-60
21        android:required="false" />
21-->src\main\AndroidManifest.xml:24:61-85
22    <uses-feature
22-->src\main\AndroidManifest.xml:25:3-99
23        android:name="android.hardware.touchscreen.multitouch"
23-->src\main\AndroidManifest.xml:25:17-71
24        android:required="false" />
24-->src\main\AndroidManifest.xml:25:72-96
25    <uses-feature
25-->src\main\AndroidManifest.xml:26:3-108
26        android:name="android.hardware.touchscreen.multitouch.distinct"
26-->src\main\AndroidManifest.xml:26:17-80
27        android:required="false" />
27-->src\main\AndroidManifest.xml:26:81-105
28
29    <application>
29-->src\main\AndroidManifest.xml:4:3-19:17
30        <activity
30-->src\main\AndroidManifest.xml:5:5-12:16
31            android:name="com.unity3d.player.UnityPlayerActivity"
31-->src\main\AndroidManifest.xml:5:15-68
32            android:configChanges="mcc|mnc|locale|touchscreen|keyboard|keyboardHidden|navigation|orientation|screenLayout|uiMode|screenSize|smallestScreenSize|fontScale|layoutDirection|density"
32-->src\main\AndroidManifest.xml:5:182-363
33            android:hardwareAccelerated="false"
33-->src\main\AndroidManifest.xml:5:364-399
34            android:launchMode="singleTask"
34-->src\main\AndroidManifest.xml:5:150-181
35            android:screenOrientation="fullSensor"
35-->src\main\AndroidManifest.xml:5:111-149
36            android:theme="@style/UnityThemeSelector" >
36-->src\main\AndroidManifest.xml:5:69-110
37            <intent-filter>
37-->src\main\AndroidManifest.xml:6:7-9:23
38                <action android:name="android.intent.action.MAIN" />
38-->src\main\AndroidManifest.xml:7:9-61
38-->src\main\AndroidManifest.xml:7:17-58
39
40                <category android:name="android.intent.category.LAUNCHER" />
40-->src\main\AndroidManifest.xml:8:9-69
40-->src\main\AndroidManifest.xml:8:19-66
41            </intent-filter>
42
43            <meta-data
43-->src\main\AndroidManifest.xml:10:7-82
44                android:name="unityplayer.UnityActivity"
44-->src\main\AndroidManifest.xml:10:18-58
45                android:value="true" />
45-->src\main\AndroidManifest.xml:10:59-79
46            <meta-data
46-->src\main\AndroidManifest.xml:11:7-78
47                android:name="android.notch_support"
47-->src\main\AndroidManifest.xml:11:18-54
48                android:value="true" />
48-->src\main\AndroidManifest.xml:11:55-75
49        </activity>
50
51        <meta-data
51-->src\main\AndroidManifest.xml:13:5-74
52            android:name="unity.arcore-enable"
52-->src\main\AndroidManifest.xml:13:16-50
53            android:value="true" />
53-->src\main\AndroidManifest.xml:13:51-71
54        <meta-data
54-->src\main\AndroidManifest.xml:14:5-88
55            android:name="unityplayer.SkipPermissionsDialog"
55-->src\main\AndroidManifest.xml:14:16-64
56            android:value="true" />
56-->src\main\AndroidManifest.xml:14:65-85
57        <meta-data
57-->src\main\AndroidManifest.xml:15:5-69
58            android:name="unity.splash-mode"
58-->src\main\AndroidManifest.xml:15:16-48
59            android:value="0" />
59-->src\main\AndroidManifest.xml:15:49-66
60        <meta-data
60-->src\main\AndroidManifest.xml:16:5-74
61            android:name="unity.splash-enable"
61-->src\main\AndroidManifest.xml:16:16-50
62            android:value="True" />
62-->src\main\AndroidManifest.xml:16:51-71
63        <meta-data
63-->src\main\AndroidManifest.xml:17:5-81
64            android:name="notch.config"
64-->src\main\AndroidManifest.xml:17:16-43
65            android:value="portrait|landscape" />
65-->src\main\AndroidManifest.xml:17:44-78
66        <meta-data
66-->src\main\AndroidManifest.xml:18:5-101
67            android:name="unity.build-id"
67-->src\main\AndroidManifest.xml:18:16-45
68            android:value="f8ae9fec-9573-407c-889b-1236d19aba83" />
68-->src\main\AndroidManifest.xml:18:46-98
69    </application>
70
71</manifest>